# JRE version: Java(TM) SE Runtime Environment (8.0_191-b12) (build 1.8.0_191-b12)
# Java VM: Java HotSpot(TM) 64-Bit Server VM (25.191-b12 mixed mode windows-amd64 compressed oops)
Heap:
 PSYoungGen      total 69632K, used 61583K [0x00000000eae00000, 0x00000000f1000000, 0x0000000100000000)
  eden space 62976K, 87% used [0x00000000eae00000,0x00000000ee3aa968,0x00000000eeb80000)
  from space 6656K, 99% used [0x00000000eeb80000,0x00000000ef1f94a0,0x00000000ef200000)
  to   space 10240K, 0% used [0x00000000f0600000,0x00000000f0600000,0x00000000f1000000)
 ParOldGen       total 34816K, used 13236K [0x00000000c0a00000, 0x00000000c2c00000, 0x00000000eae00000)
  object space 34816K, 38% used [0x00000000c0a00000,0x00000000c16ed298,0x00000000c2c00000)
 Metaspace       used 32040K, capacity 33654K, committed 33920K, reserved 1079296K
  class space    used 4393K, capacity 4713K, committed 4736K, reserved 1048576K
GC Heap History (10 events):
Event: 1.126 GC heap before
{Heap before GC invocations=4 (full 0):
 PSYoungGen      total 18944K, used 18944K [0x00000000eae00000, 0x00000000ed300000, 0x0000000100000000)
  eden space 16384K, 100% used [0x00000000eae00000,0x00000000ebe00000,0x00000000ebe00000)
  from space 2560K, 100% used [0x00000000ebe00000,0x00000000ec080000,0x00000000ec080000)
  to   space 2560K, 0% used [0x00000000ed080000,0x00000000ed080000,0x00000000ed300000)
 ParOldGen       total 44032K, used 4962K [0x00000000c0a00000, 0x00000000c3500000, 0x00000000eae00000)
  object space 44032K, 11% used [0x00000000c0a00000,0x00000000c0ed8860,0x00000000c3500000)
 Metaspace       used 16739K, capacity 17280K, committed 17408K, reserved 1064960K
  class space    used 2298K, capacity 2473K, committed 2560K, reserved 1048576K
Event: 1.132 GC heap after
Heap after GC invocations=4 (full 0):
 PSYoungGen      total 35328K, used 2560K [0x00000000eae00000, 0x00000000ed300000, 0x0000000100000000)
  eden space 32768K, 0% used [0x00000000eae00000,0x00000000eae00000,0x00000000ece00000)
  from space 2560K, 100% used [0x00000000ed080000,0x00000000ed300000,0x00000000ed300000)
  to   space 2560K, 0% used [0x00000000ece00000,0x00000000ece00000,0x00000000ed080000)
 ParOldGen       total 44032K, used 7278K [0x00000000c0a00000, 0x00000000c3500000, 0x00000000eae00000)
  object space 44032K, 16% used [0x00000000c0a00000,0x00000000c111ba98,0x00000000c3500000)
 Metaspace       used 16739K, capacity 17280K, committed 17408K, reserved 1064960K
  class space    used 2298K, capacity 2473K, committed 2560K, reserved 1048576K
}
Event: 1.378 GC heap before
{Heap before GC invocations=5 (full 0):
 PSYoungGen      total 35328K, used 26598K [0x00000000eae00000, 0x00000000ed300000, 0x0000000100000000)
  eden space 32768K, 73% used [0x00000000eae00000,0x00000000ec579858,0x00000000ece00000)
  from space 2560K, 100% used [0x00000000ed080000,0x00000000ed300000,0x00000000ed300000)
  to   space 2560K, 0% used [0x00000000ece00000,0x00000000ece00000,0x00000000ed080000)
 ParOldGen       total 44032K, used 7278K [0x00000000c0a00000, 0x00000000c3500000, 0x00000000eae00000)
  object space 44032K, 16% used [0x00000000c0a00000,0x00000000c111ba98,0x00000000c3500000)
 Metaspace       used 20512K, capacity 21076K, committed 21248K, reserved 1067008K
  class space    used 2774K, capacity 2953K, committed 3072K, reserved 1048576K
Event: 1.390 GC heap after
Heap after GC invocations=5 (full 0):
 PSYoungGen      total 35328K, used 2528K [0x00000000eae00000, 0x00000000efb00000, 0x0000000100000000)
  eden space 32768K, 0% used [0x00000000eae00000,0x00000000eae00000,0x00000000ece00000)
  from space 2560K, 98% used [0x00000000ece00000,0x00000000ed078020,0x00000000ed080000)
  to   space 6656K, 0% used [0x00000000ef480000,0x00000000ef480000,0x00000000efb00000)
 ParOldGen       total 44032K, used 11002K [0x00000000c0a00000, 0x00000000c3500000, 0x00000000eae00000)
  object space 44032K, 24% used [0x00000000c0a00000,0x00000000c14beab8,0x00000000c3500000)
 Metaspace       used 20512K, capacity 21076K, committed 21248K, reserved 1067008K
  class space    used 2774K, capacity 2953K, committed 3072K, reserved 1048576K
}
Event: 1.390 GC heap before
{Heap before GC invocations=6 (full 1):
 PSYoungGen      total 35328K, used 2528K [0x00000000eae00000, 0x00000000efb00000, 0x0000000100000000)
  eden space 32768K, 0% used [0x00000000eae00000,0x00000000eae00000,0x00000000ece00000)
  from space 2560K, 98% used [0x00000000ece00000,0x00000000ed078020,0x00000000ed080000)
  to   space 6656K, 0% used [0x00000000ef480000,0x00000000ef480000,0x00000000efb00000)
 ParOldGen       total 44032K, used 11002K [0x00000000c0a00000, 0x00000000c3500000, 0x00000000eae00000)
  object space 44032K, 24% used [0x00000000c0a00000,0x00000000c14beab8,0x00000000c3500000)
 Metaspace       used 20512K, capacity 21076K, committed 21248K, reserved 1067008K
  class space    used 2774K, capacity 2953K, committed 3072K, reserved 1048576K
Event: 1.423 GC heap after
Heap after GC invocations=6 (full 1):
 PSYoungGen      total 35328K, used 0K [0x00000000eae00000, 0x00000000efb00000, 0x0000000100000000)
  eden space 32768K, 0% used [0x00000000eae00000,0x00000000eae00000,0x00000000ece00000)
  from space 2560K, 0% used [0x00000000ece00000,0x00000000ece00000,0x00000000ed080000)
  to   space 6656K, 0% used [0x00000000ef480000,0x00000000ef480000,0x00000000efb00000)
 ParOldGen       total 34816K, used 7662K [0x00000000c0a00000, 0x00000000c2c00000, 0x00000000eae00000)
  object space 34816K, 22% used [0x00000000c0a00000,0x00000000c117b818,0x00000000c2c00000)
 Metaspace       used 20511K, capacity 21070K, committed 21248K, reserved 1067008K
  class space    used 2773K, capacity 2952K, committed 3072K, reserved 1048576K
}
Event: 1.753 GC heap before
{Heap before GC invocations=7 (full 1):
 PSYoungGen      total 35328K, used 32768K [0x00000000eae00000, 0x00000000efb00000, 0x0000000100000000)
  eden space 32768K, 100% used [0x00000000eae00000,0x00000000ece00000,0x00000000ece00000)
  from space 2560K, 0% used [0x00000000ece00000,0x00000000ece00000,0x00000000ed080000)
  to   space 6656K, 0% used [0x00000000ef480000,0x00000000ef480000,0x00000000efb00000)
 ParOldGen       total 34816K, used 7662K [0x00000000c0a00000, 0x00000000c2c00000, 0x00000000eae00000)
  object space 34816K, 22% used [0x00000000c0a00000,0x00000000c117b818,0x00000000c2c00000)
 Metaspace       used 22703K, capacity 23512K, committed 23552K, reserved 1069056K
  class space    used 3095K, capacity 3289K, committed 3328K, reserved 1048576K
Event: 1.758 GC heap after
Heap after GC invocations=7 (full 1):
 PSYoungGen      total 55808K, used 4093K [0x00000000eae00000, 0x00000000ef880000, 0x0000000100000000)
  eden space 51712K, 0% used [0x00000000eae00000,0x00000000eae00000,0x00000000ee080000)
  from space 4096K, 99% used [0x00000000ef480000,0x00000000ef87f780,0x00000000ef880000)
  to   space 6656K, 0% used [0x00000000eeb80000,0x00000000eeb80000,0x00000000ef200000)
 ParOldGen       total 34816K, used 7670K [0x00000000c0a00000, 0x00000000c2c00000, 0x00000000eae00000)
  object space 34816K, 22% used [0x00000000c0a00000,0x00000000c117d818,0x00000000c2c00000)
 Metaspace       used 22703K, capacity 23512K, committed 23552K, reserved 1069056K
  class space    used 3095K, capacity 3289K, committed 3328K, reserved 1048576K
}
Event: 2.400 GC heap before
{Heap before GC invocations=8 (full 1):
 PSYoungGen      total 55808K, used 55805K [0x00000000eae00000, 0x00000000ef880000, 0x0000000100000000)
  eden space 51712K, 100% used [0x00000000eae00000,0x00000000ee080000,0x00000000ee080000)
  from space 4096K, 99% used [0x00000000ef480000,0x00000000ef87f780,0x00000000ef880000)
  to   space 6656K, 0% used [0x00000000eeb80000,0x00000000eeb80000,0x00000000ef200000)
 ParOldGen       total 34816K, used 7670K [0x00000000c0a00000, 0x00000000c2c00000, 0x00000000eae00000)
  object space 34816K, 22% used [0x00000000c0a00000,0x00000000c117d818,0x00000000c2c00000)
 Metaspace       used 28460K, capacity 29708K, committed 29824K, reserved 1075200K
  class space    used 3895K, capacity 4155K, committed 4224K, reserved 1048576K
Event: 2.410 GC heap after
Heap after GC invocations=8 (full 1):
 PSYoungGen      total 69632K, used 6629K [0x00000000eae00000, 0x00000000f1000000, 0x0000000100000000)
  eden space 62976K, 0% used [0x00000000eae00000,0x00000000eae00000,0x00000000eeb80000)
  from space 6656K, 99% used [0x00000000eeb80000,0x00000000ef1f94a0,0x00000000ef200000)
  to   space 10240K, 0% used [0x00000000f0600000,0x00000000f0600000,0x00000000f1000000)
 ParOldGen       total 34816K, used 13236K [0x00000000c0a00000, 0x00000000c2c00000, 0x00000000eae00000)
  object space 34816K, 38% used [0x00000000c0a00000,0x00000000c16ed298,0x00000000c2c00000)
 Metaspace       used 28460K, capacity 29708K, committed 29824K, reserved 1075200K
  class space    used 3895K, capacity 4155K, committed 4224K, reserved 1048576K
}

